<?xml version="1.0" encoding="UTF-8"?>
<testsuite name="registration-login"
           tests="4"
           failures="0"
           errors="0"
           skipped="0"
           time="42.464">
    <properties></properties>



            <testcase
                name="tc02_invalidCreateAccount"
                time="4.155"
                classname="org.example.automationpractise.testcases.Registration_Login_TestCases">
            </testcase>
            <testcase
                name="tc01_seeSignInTab"
                time="14.966"
                classname="org.example.automationpractise.testcases.Registration_Login_TestCases">
            </testcase>
            <testcase
                name="tc03_validLogin"
                time="11.847"
                classname="org.example.automationpractise.testcases.Registration_Login_TestCases">
            </testcase>
            <testcase
                name="tc04_viewProducts"
                time="11.496"
                classname="org.example.automationpractise.testcases.Registration_Login_TestCases">
            </testcase>
</testsuite>
