<?xml version="1.0" encoding="UTF-8"?>
<testsuite name="product-details"
           tests="4"
           failures="0"
           errors="0"
           skipped="0"
           time="5.086">
    <properties></properties>



            <testcase
                name="tc06_seeProductPage"
                time="2.050"
                classname="org.example.automationpractise.testcases.Product_Details_TestCases">
            </testcase>
            <testcase
                name="tc07_selectSizeandColor"
                time="0.193"
                classname="org.example.automationpractise.testcases.Product_Details_TestCases">
            </testcase>
            <testcase
                name="tc08_changeQty"
                time="0.315"
                classname="org.example.automationpractise.testcases.Product_Details_TestCases">
            </testcase>
            <testcase
                name="tc09_addTOCart"
                time="2.528"
                classname="org.example.automationpractise.testcases.Product_Details_TestCases">
            </testcase>
</testsuite>
